e:\develop\demos-cpp\ffmpeg\ffmpeg-demo1\temp\vc140.pdb
e:\develop\demos-cpp\ffmpeg\ffmpeg-demo1\temp\main.obj
e:\develop\demos-cpp\ffmpeg\ffmpeg-demo1\temp\moc_ffmpegdemo1.obj
e:\develop\demos-cpp\ffmpeg\ffmpeg-demo1\temp\ffmpegdemo1.obj
e:\develop\demos-cpp\ffmpeg\ffmpeg-demo1\temp\qrc_ffmpegdemo1.obj
e:\develop\demos-cpp\ffmpeg\ffmpeg-demo1\ffmpeg-demo1\generatedfiles\debug\moc_ffmpegdemo1.cpp
e:\develop\demos-cpp\ffmpeg\ffmpeg-demo1\ffmpeg-demo1\generatedfiles\ui_ffmpegdemo1.h
e:\develop\demos-cpp\ffmpeg\ffmpeg-demo1\ffmpeg-demo1\generatedfiles\qrc_ffmpegdemo1.cpp
e:\develop\demos-cpp\ffmpeg\ffmpeg-demo1\bin\ffmpeg-demo1.pdb
e:\develop\demos-cpp\ffmpeg\ffmpeg-demo1\temp\ffmpeg-demo1.tlog\cl.command.1.tlog
e:\develop\demos-cpp\ffmpeg\ffmpeg-demo1\temp\ffmpeg-demo1.tlog\cl.read.1.tlog
e:\develop\demos-cpp\ffmpeg\ffmpeg-demo1\temp\ffmpeg-demo1.tlog\cl.write.1.tlog
e:\develop\demos-cpp\ffmpeg\ffmpeg-demo1\temp\ffmpeg-demo1.tlog\custombuild.command.1.tlog
e:\develop\demos-cpp\ffmpeg\ffmpeg-demo1\temp\ffmpeg-demo1.tlog\custombuild.read.1.tlog
e:\develop\demos-cpp\ffmpeg\ffmpeg-demo1\temp\ffmpeg-demo1.tlog\custombuild.write.1.tlog
e:\develop\demos-cpp\ffmpeg\ffmpeg-demo1\temp\ffmpeg-demo1.tlog\link-cvtres.read.1.tlog
e:\develop\demos-cpp\ffmpeg\ffmpeg-demo1\temp\ffmpeg-demo1.tlog\link-cvtres.write.1.tlog
e:\develop\demos-cpp\ffmpeg\ffmpeg-demo1\temp\ffmpeg-demo1.tlog\link-rc.read.1.tlog
e:\develop\demos-cpp\ffmpeg\ffmpeg-demo1\temp\ffmpeg-demo1.tlog\link-rc.write.1.tlog
e:\develop\demos-cpp\ffmpeg\ffmpeg-demo1\temp\ffmpeg-demo1.tlog\link.command.1.tlog
e:\develop\demos-cpp\ffmpeg\ffmpeg-demo1\temp\ffmpeg-demo1.tlog\link.read.1.tlog
e:\develop\demos-cpp\ffmpeg\ffmpeg-demo1\temp\ffmpeg-demo1.tlog\link.write.1.tlog
