e:\develop\demos-cpp\ffmpeg\ffmpeg-demo1\ffmpeg-demo1\x64\release\main.obj
e:\develop\demos-cpp\ffmpeg\ffmpeg-demo1\ffmpeg-demo1\x64\release\moc_ffmpegdemo1.obj
e:\develop\demos-cpp\ffmpeg\ffmpeg-demo1\ffmpeg-demo1\x64\release\ffmpegdemo1.obj
e:\develop\demos-cpp\ffmpeg\ffmpeg-demo1\ffmpeg-demo1\x64\release\qrc_ffmpegdemo1.obj
e:\develop\demos-cpp\ffmpeg\ffmpeg-demo1\ffmpeg-demo1\generatedfiles\release\moc_ffmpegdemo1.cpp
e:\develop\demos-cpp\ffmpeg\ffmpeg-demo1\ffmpeg-demo1\generatedfiles\ui_ffmpegdemo1.h
e:\develop\demos-cpp\ffmpeg\ffmpeg-demo1\ffmpeg-demo1\generatedfiles\qrc_ffmpegdemo1.cpp
e:\develop\demos-cpp\ffmpeg\ffmpeg-demo1\ffmpeg-demo1\x64\release\ffmpeg-demo1.tlog\cl.command.1.tlog
e:\develop\demos-cpp\ffmpeg\ffmpeg-demo1\ffmpeg-demo1\x64\release\ffmpeg-demo1.tlog\cl.read.1.tlog
e:\develop\demos-cpp\ffmpeg\ffmpeg-demo1\ffmpeg-demo1\x64\release\ffmpeg-demo1.tlog\cl.write.1.tlog
e:\develop\demos-cpp\ffmpeg\ffmpeg-demo1\ffmpeg-demo1\x64\release\ffmpeg-demo1.tlog\custombuild.command.1.tlog
e:\develop\demos-cpp\ffmpeg\ffmpeg-demo1\ffmpeg-demo1\x64\release\ffmpeg-demo1.tlog\custombuild.read.1.tlog
e:\develop\demos-cpp\ffmpeg\ffmpeg-demo1\ffmpeg-demo1\x64\release\ffmpeg-demo1.tlog\custombuild.write.1.tlog
e:\develop\demos-cpp\ffmpeg\ffmpeg-demo1\ffmpeg-demo1\x64\release\ffmpeg-demo1.tlog\link-cvtres.read.1.tlog
e:\develop\demos-cpp\ffmpeg\ffmpeg-demo1\ffmpeg-demo1\x64\release\ffmpeg-demo1.tlog\link-cvtres.write.1.tlog
e:\develop\demos-cpp\ffmpeg\ffmpeg-demo1\ffmpeg-demo1\x64\release\ffmpeg-demo1.tlog\link-rc.read.1.tlog
e:\develop\demos-cpp\ffmpeg\ffmpeg-demo1\ffmpeg-demo1\x64\release\ffmpeg-demo1.tlog\link-rc.write.1.tlog
e:\develop\demos-cpp\ffmpeg\ffmpeg-demo1\ffmpeg-demo1\x64\release\ffmpeg-demo1.tlog\link.command.1.tlog
e:\develop\demos-cpp\ffmpeg\ffmpeg-demo1\ffmpeg-demo1\x64\release\ffmpeg-demo1.tlog\link.read.1.tlog
e:\develop\demos-cpp\ffmpeg\ffmpeg-demo1\ffmpeg-demo1\x64\release\ffmpeg-demo1.tlog\link.write.1.tlog
