e:\develop\demos-cpp\ffmpeg\ffmpeg-demo1\bin\main.obj
e:\develop\demos-cpp\ffmpeg\ffmpeg-demo1\bin\ffmpegdemo1.obj
e:\develop\demos-cpp\ffmpeg\ffmpeg-demo1\bin\moc_ffmpegdemo1.obj
e:\develop\demos-cpp\ffmpeg\ffmpeg-demo1\bin\qrc_ffmpegdemo1.obj
e:\develop\demos-cpp\ffmpeg\ffmpeg-demo1\ffmpeg-demo1\generatedfiles\release\moc_ffmpegdemo1.cpp
e:\develop\demos-cpp\ffmpeg\ffmpeg-demo1\ffmpeg-demo1\generatedfiles\ui_ffmpegdemo1.h
e:\develop\demos-cpp\ffmpeg\ffmpeg-demo1\ffmpeg-demo1\generatedfiles\qrc_ffmpegdemo1.cpp
e:\develop\demos-cpp\ffmpeg\ffmpeg-demo1\bin\ffmpeg-demo1.lib
e:\develop\demos-cpp\ffmpeg\ffmpeg-demo1\bin\ffmpeg-demo1.exp
e:\develop\demos-cpp\ffmpeg\ffmpeg-demo1\bin\ffmpeg-demo1.exe
e:\develop\demos-cpp\ffmpeg\ffmpeg-demo1\bin\ffmpeg-demo1.ilk
e:\develop\demos-cpp\ffmpeg\ffmpeg-demo1\bin\ffmpeg-demo1.pdb
e:\develop\demos-cpp\ffmpeg\ffmpeg-demo1\bin\ffmpeg-demo1.tlog\cl.command.1.tlog
e:\develop\demos-cpp\ffmpeg\ffmpeg-demo1\bin\ffmpeg-demo1.tlog\cl.read.1.tlog
e:\develop\demos-cpp\ffmpeg\ffmpeg-demo1\bin\ffmpeg-demo1.tlog\cl.write.1.tlog
e:\develop\demos-cpp\ffmpeg\ffmpeg-demo1\bin\ffmpeg-demo1.tlog\custombuild.command.1.tlog
e:\develop\demos-cpp\ffmpeg\ffmpeg-demo1\bin\ffmpeg-demo1.tlog\custombuild.read.1.tlog
e:\develop\demos-cpp\ffmpeg\ffmpeg-demo1\bin\ffmpeg-demo1.tlog\custombuild.write.1.tlog
e:\develop\demos-cpp\ffmpeg\ffmpeg-demo1\bin\ffmpeg-demo1.tlog\ffmpeg-demo1.write.1u.tlog
e:\develop\demos-cpp\ffmpeg\ffmpeg-demo1\bin\ffmpeg-demo1.tlog\link.command.1.tlog
e:\develop\demos-cpp\ffmpeg\ffmpeg-demo1\bin\ffmpeg-demo1.tlog\link.read.1.tlog
e:\develop\demos-cpp\ffmpeg\ffmpeg-demo1\bin\ffmpeg-demo1.tlog\link.write.1.tlog
